<?xml version="1.0" encoding="UTF-8"?>
<!-- Generated by org.testng.reporters.JUnitXMLReporter -->
<testsuite ignored="3" hostname="DESKTOP-1352AHO" failures="0" tests="0" time="0.039" errors="0" timestamp="2025-02-24T16:52:22 IST">
  <testcase classname="VtigerApplicationUsingTestNG.RegionalRegressionTesting" name="RegionalRegressionTesting" time="0.0">
    <ignored/>
  </testcase> <!-- RegionalRegressionTesting -->
  <testcase classname="VtigerApplicationUsingTestNG.RegionalRegressionTesting" name="CreateCampaignTest" time="0.0">
    <ignored/>
  </testcase> <!-- CreateCampaignTest -->
  <testcase classname="VtigerApplicationUsingTestNG.RegionalRegressionTesting" name="m3" time="0.0">
    <ignored/>
  </testcase> <!-- m3 -->
</testsuite>
